#
# A fatal error has been detected by the Java Runtime Environment:
#
#  EXCEPTION_ACCESS_VIOLATION (0xc0000005) at pc=0x000000007702903f, pid=1524, tid=0x0000000000001618
#
# JRE version: Java(TM) SE Runtime Environment (8.0_121-b13) (build 1.8.0_121-b13)
# Java VM: Java HotSpot(TM) 64-Bit Server VM (25.121-b13 mixed mode windows-amd64 compressed oops)
# Problematic frame:
# C  [ntdll.dll+0x4903f]
#
# Failed to write core dump. Minidumps are not enabled by default on client versions of Windows
#
# If you would like to submit a bug report, please visit:
#   http://bugreport.java.com/bugreport/crash.jsp
# The crash happened outside the Java Virtual Machine in native code.
# See problematic frame for where to report the bug.
#

---------------  T H R E A D  ---------------

Current thread (0x0000000059648800):  JavaThread "File Watcher" daemon [_thread_in_native, id=5656, stack(0x000000005f410000,0x000000005f510000)]

siginfo: ExceptionCode=0xc0000005, writing address 0x000000000000005c

Registers:
RAX=0x000000000000005c, RBX=0x000000005b6b9ea0, RCX=0x000000005b6b9f6a, RDX=0x0000000000000108
RSP=0x000000005f50ea80, RBP=0x000000000000fffe, RSI=0x0000000000000000, RDI=0x000000005b6b9ea0
R8 =0x0000000000000084, R9 =0x0000000000000108, R10=0x0000000000000000, R11=0x000000000000ffff
R12=0x0000000000000108, R13=0x0000000000000012, R14=0x000000005f50ec80, R15=0x0000000000000084
RIP=0x000000007702903f, EFLAGS=0x0000000000010246

Top of Stack: (sp=0x000000005f50ea80)
0x000000005f50ea80:   0000000000000120 0000000001ba0000
0x000000005f50ea90:   000000000000010a 000000000000010a
0x000000005f50eaa0:   00000000010a0108 000000005b6b9ea0
0x000000005f50eab0:   000000005f50ec40 0000000077030318
0x000000005f50eac0:   0000000000000000 000000005f50ed90
0x000000005f50ead0:   000000005b6b9ea0 0000000001ba0000
0x000000005f50eae0:   0000000000000000 0000000000000001
0x000000005f50eaf0:   0000000000000007 0000000002520080
0x000000005f50eb00:   0000000000004020 0000000000000108
0x000000005f50eb10:   0000000002521160 0000000000000000
0x000000005f50eb20:   0000000000000001 000000020000000c
0x000000005f50eb30:   0000000000000101 000007fefcd11873
0x000000005f50eb40:   000000005f50ecc8 000000005b6b9ea0
0x000000005f50eb50:   0000000000000120 0000000001ba0000
0x000000005f50eb60:   0000000000000114 0000000000000114
0x000000005f50eb70:   0000000000000000 00000000010a0108 

Instructions: (pc=0x000000007702903f)
0x000000007702901f:   e2 fc 8b c2 48 01 41 18 8b 41 10 4c 89 44 c1 20
0x000000007702902f:   ff 41 10 8b c2 c3 44 8a 74 24 40 e9 50 57 00 00
0x000000007702903f:   41 0f b7 c1 48 83 c1 02 48 d1 e8 48 8d 04 43 48
0x000000007702904f:   3b c8 73 39 0f b7 01 66 83 c8 20 66 83 f8 70 0f 


Register to memory mapping:

RAX=0x000000000000005c is an unknown value
RBX=0x000000005b6b9ea0 is an unknown value
RCX=0x000000005b6b9f6a is an unknown value
RDX=0x0000000000000108 is an unknown value
RSP=0x000000005f50ea80 is pointing into the stack for thread: 0x0000000059648800
RBP=0x000000000000fffe is an unknown value
RSI=0x0000000000000000 is an unknown value
RDI=0x000000005b6b9ea0 is an unknown value
R8 =0x0000000000000084 is an unknown value
R9 =0x0000000000000108 is an unknown value
R10=0x0000000000000000 is an unknown value
R11=0x000000000000ffff is an unknown value
R12=0x0000000000000108 is an unknown value
R13=0x0000000000000012 is an unknown value
R14=0x000000005f50ec80 is pointing into the stack for thread: 0x0000000059648800
R15=0x0000000000000084 is an unknown value


Stack: [0x000000005f410000,0x000000005f510000],  sp=0x000000005f50ea80,  free space=1018k
Native frames: (J=compiled Java code, j=interpreted, Vv=VM code, C=native code)
C  [ntdll.dll+0x4903f]
C  [ntdll.dll+0x50318]
C  [ntdll.dll+0x50d8a]
C  [KERNELBASE.dll+0x7056]
C  [java.dll+0x9ffc]
C  [java.dll+0xa127]
C  0x0000000002913809

Java frames: (J=compiled Java code, j=interpreted, Vv=VM code)
J 193  java.io.WinNTFileSystem.getBooleanAttributes(Ljava/io/File;)I (0 bytes) @ 0x000000000291378f [0x0000000002913740+0x4f]
J 5537 C2 org.springframework.boot.devtools.filewatch.FolderSnapshot.collectFiles(Ljava/io/File;Ljava/util/Set;)V (99 bytes) @ 0x00000000036d9a68 [0x00000000036d9460+0x608]
J 5537 C2 org.springframework.boot.devtools.filewatch.FolderSnapshot.collectFiles(Ljava/io/File;Ljava/util/Set;)V (99 bytes) @ 0x00000000036dacdc [0x00000000036d9460+0x187c]
J 5537 C2 org.springframework.boot.devtools.filewatch.FolderSnapshot.collectFiles(Ljava/io/File;Ljava/util/Set;)V (99 bytes) @ 0x00000000036dacdc [0x00000000036d9460+0x187c]
j  org.springframework.boot.devtools.filewatch.FolderSnapshot.<init>(Ljava/io/File;)V+46
j  org.springframework.boot.devtools.filewatch.FileSystemWatcher$Watcher.getCurrentSnapshots()Ljava/util/Map;+49
j  org.springframework.boot.devtools.filewatch.FileSystemWatcher$Watcher.scan()V+20
j  org.springframework.boot.devtools.filewatch.FileSystemWatcher$Watcher.run()V+30
j  java.lang.Thread.run()V+11
v  ~StubRoutines::call_stub

---------------  P R O C E S S  ---------------

Java Threads: ( => current thread )
  0x00000000597c6800 JavaThread "Abandoned connection cleanup thread" daemon [_thread_blocked, id=5700, stack(0x0000000058cd0000,0x0000000058dd0000)]
  0x00000000597c7800 JavaThread "Tomcat JDBC Pool Cleaner[1984697014:1519187253463]" daemon [_thread_blocked, id=6352, stack(0x000000005bb10000,0x000000005bc10000)]
  0x00000000597c6000 JavaThread "RMI TCP Connection(idle)" daemon [_thread_blocked, id=5904, stack(0x000000005b7a0000,0x000000005b8a0000)]
  0x00000000597c5000 JavaThread "RMI TCP Connection(idle)" daemon [_thread_blocked, id=3412, stack(0x0000000060490000,0x0000000060590000)]
  0x00000000597c4800 JavaThread "RMI TCP Connection(idle)" daemon [_thread_blocked, id=3640, stack(0x0000000060fc0000,0x00000000610c0000)]
  0x000000005b654000 JavaThread "DestroyJavaVM" [_thread_blocked, id=6276, stack(0x00000000026b0000,0x00000000027b0000)]
  0x000000005b653000 JavaThread "http-nio-8001-AsyncTimeout" daemon [_thread_blocked, id=6896, stack(0x0000000060cb0000,0x0000000060db0000)]
  0x000000005b652800 JavaThread "http-nio-8001-Acceptor-0" daemon [_thread_in_native, id=7144, stack(0x0000000060ac0000,0x0000000060bc0000)]
  0x000000005b651800 JavaThread "http-nio-8001-ClientPoller-1" daemon [_thread_in_native, id=1976, stack(0x0000000060990000,0x0000000060a90000)]
  0x000000005b650800 JavaThread "http-nio-8001-ClientPoller-0" daemon [_thread_in_native, id=2520, stack(0x0000000060710000,0x0000000060810000)]
  0x000000005b650000 JavaThread "http-nio-8001-exec-10" daemon [_thread_blocked, id=5824, stack(0x000000005f950000,0x000000005fa50000)]
  0x000000005b64f000 JavaThread "http-nio-8001-exec-9" daemon [_thread_blocked, id=5080, stack(0x00000000605a0000,0x00000000606a0000)]
  0x000000005b64e800 JavaThread "http-nio-8001-exec-8" daemon [_thread_blocked, id=6448, stack(0x0000000060390000,0x0000000060490000)]
  0x000000005b64d800 JavaThread "http-nio-8001-exec-7" daemon [_thread_blocked, id=3364, stack(0x00000000601c0000,0x00000000602c0000)]
  0x000000005b64d000 JavaThread "http-nio-8001-exec-6" daemon [_thread_blocked, id=6884, stack(0x0000000060030000,0x0000000060130000)]
  0x000000005964e000 JavaThread "http-nio-8001-exec-5" daemon [_thread_blocked, id=6348, stack(0x000000005fea0000,0x000000005ffa0000)]
  0x000000005964d000 JavaThread "http-nio-8001-exec-4" daemon [_thread_blocked, id=2360, stack(0x000000005fcd0000,0x000000005fdd0000)]
  0x000000005964c800 JavaThread "http-nio-8001-exec-3" daemon [_thread_blocked, id=2808, stack(0x000000005fbc0000,0x000000005fcc0000)]
  0x000000005964b800 JavaThread "http-nio-8001-exec-2" daemon [_thread_blocked, id=3944, stack(0x000000005f550000,0x000000005f650000)]
  0x000000005964b000 JavaThread "http-nio-8001-exec-1" daemon [_thread_blocked, id=6500, stack(0x000000005f650000,0x000000005f750000)]
  0x0000000059649800 JavaThread "NioBlockingSelector.BlockPoller-1" daemon [_thread_in_native, id=1848, stack(0x000000005a0a0000,0x000000005a1a0000)]
  0x000000005964a000 JavaThread "Live Reload Server" daemon [_thread_in_native, id=3516, stack(0x000000005fa70000,0x000000005fb70000)]
=>0x0000000059648800 JavaThread "File Watcher" daemon [_thread_in_native, id=5656, stack(0x000000005f410000,0x000000005f510000)]
  0x0000000059648000 JavaThread "container-0" [_thread_blocked, id=4316, stack(0x000000005ecb0000,0x000000005edb0000)]
  0x0000000059647000 JavaThread "ContainerBackgroundProcessor[StandardEngine[Tomcat]]" daemon [_thread_blocked, id=5364, stack(0x000000005a440000,0x000000005a540000)]
  0x00000000595c6000 JavaThread "JMX server connection timeout 16" daemon [_thread_blocked, id=3660, stack(0x000000005a580000,0x000000005a680000)]
  0x000000005954f800 JavaThread "RMI TCP Connection(6)-169.254.192.200" daemon [_thread_in_native, id=1644, stack(0x000000005a2e0000,0x000000005a3e0000)]
  0x0000000059408000 JavaThread "RMI Scheduler(0)" daemon [_thread_blocked, id=6624, stack(0x000000005a1b0000,0x000000005a2b0000)]
  0x00000000593f8800 JavaThread "RMI TCP Connection(idle)" daemon [_thread_blocked, id=6332, stack(0x0000000059da0000,0x0000000059ea0000)]
  0x00000000593be800 JavaThread "RMI TCP Accept-0" daemon [_thread_in_native, id=5404, stack(0x0000000059aa0000,0x0000000059ba0000)]
  0x00000000593b3000 JavaThread "RMI TCP Accept-51510" daemon [_thread_in_native, id=1096, stack(0x0000000058ef0000,0x0000000058ff0000)]
  0x0000000059361000 JavaThread "RMI TCP Accept-0" daemon [_thread_in_native, id=5332, stack(0x00000000598c0000,0x00000000599c0000)]
  0x00000000586b4800 JavaThread "Service Thread" daemon [_thread_blocked, id=5400, stack(0x0000000058400000,0x0000000058500000)]
  0x00000000573df800 JavaThread "C1 CompilerThread1" daemon [_thread_blocked, id=1120, stack(0x0000000058560000,0x0000000058660000)]
  0x00000000573cb800 JavaThread "C2 CompilerThread0" daemon [_thread_blocked, id=5728, stack(0x0000000058300000,0x0000000058400000)]
  0x00000000573ca800 JavaThread "Attach Listener" daemon [_thread_blocked, id=5660, stack(0x00000000581e0000,0x00000000582e0000)]
  0x00000000573a6000 JavaThread "Signal Dispatcher" daemon [_thread_blocked, id=5608, stack(0x0000000057f60000,0x0000000058060000)]
  0x0000000057392000 JavaThread "Finalizer" daemon [_thread_blocked, id=4764, stack(0x00000000580d0000,0x00000000581d0000)]
  0x0000000057348800 JavaThread "Reference Handler" daemon [_thread_blocked, id=1316, stack(0x0000000057cc0000,0x0000000057dc0000)]

Other Threads:
  0x0000000057341000 VMThread [stack: 0x0000000057e10000,0x0000000057f10000] [id=6712]
  0x00000000593c4800 WatcherThread [stack: 0x0000000059bb0000,0x0000000059cb0000] [id=1896]

VM state:not at safepoint (normal execution)

VM Mutex/Monitor currently owned by a thread: None

Heap:
 PSYoungGen      total 342528K, used 176565K [0x00000000d5b80000, 0x00000000ed700000, 0x0000000100000000)
  eden space 327168K, 49% used [0x00000000d5b80000,0x00000000df8f3cb0,0x00000000e9b00000)
  from space 15360K, 99% used [0x00000000ec800000,0x00000000ed6f9a60,0x00000000ed700000)
  to   space 17920K, 0% used [0x00000000eb400000,0x00000000eb400000,0x00000000ec580000)
 ParOldGen       total 93184K, used 22083K [0x0000000081200000, 0x0000000086d00000, 0x00000000d5b80000)
  object space 93184K, 23% used [0x0000000081200000,0x0000000082790e40,0x0000000086d00000)
 Metaspace       used 51860K, capacity 52630K, committed 52696K, reserved 1095680K
  class space    used 5902K, capacity 6114K, committed 6144K, reserved 1048576K

Card table byte_map: [0x0000000011b70000,0x0000000011f70000] byte_map_base: 0x0000000011767000

Marking Bits: (ParMarkBitMap*) 0x000000006ea6b6d0
 Begin Bits: [0x00000000126a0000, 0x0000000014658000)
 End Bits:   [0x0000000014658000, 0x0000000016610000)

Polling page: 0x0000000001b50000

CodeCache: size=245760Kb used=19981Kb max_used=19990Kb free=225778Kb
 bounds [0x00000000027b0000, 0x0000000003b50000, 0x00000000117b0000]
 total_blobs=6416 nmethods=5876 adapters=451
 compilation: enabled

Compilation events (10 events):
Event: 59.032 Thread 0x00000000573df800 nmethod 6668 0x0000000003b44890 code [0x0000000003b44a20, 0x0000000003b44cf8]
Event: 59.032 Thread 0x00000000573df800 6669       3       org.apache.tomcat.util.net.SocketBufferHandler::configureWriteBufferForRead (6 bytes)
Event: 59.032 Thread 0x00000000573df800 nmethod 6669 0x0000000003b44e50 code [0x0000000003b44fc0, 0x0000000003b45148]
Event: 59.033 Thread 0x00000000573cb800 nmethod 6667 0x0000000003b47f10 code [0x0000000003b48060, 0x0000000003b48198]
Event: 61.192 Thread 0x00000000573df800 6670   !   3       java.io.ObjectInputStream$BlockDataInputStream::readBlockHeader (249 bytes)
Event: 61.196 Thread 0x00000000573df800 nmethod 6670 0x0000000003b48350 code [0x0000000003b48720, 0x0000000003b4a578]
Event: 62.775 Thread 0x00000000573cb800 6671       4       java.lang.reflect.Array::newInstance (6 bytes)
Event: 62.777 Thread 0x00000000573cb800 nmethod 6671 0x0000000003b4bdd0 code [0x0000000003b4bf20, 0x0000000003b4c058]
Event: 62.777 Thread 0x00000000573df800 6672       3       java.io.ObjectInputStream::checkResolve (86 bytes)
Event: 62.778 Thread 0x00000000573df800 nmethod 6672 0x0000000003b47610 code [0x0000000003b477a0, 0x0000000003b47c90]

GC Heap History (10 events):
Event: 6.621 GC heap before
{Heap before GC invocations=6 (full 1):
 PSYoungGen      total 138240K, used 133120K [0x00000000d5b80000, 0x00000000de780000, 0x0000000100000000)
  eden space 133120K, 100% used [0x00000000d5b80000,0x00000000ddd80000,0x00000000ddd80000)
  from space 5120K, 0% used [0x00000000de280000,0x00000000de280000,0x00000000de780000)
  to   space 5120K, 0% used [0x00000000ddd80000,0x00000000ddd80000,0x00000000de280000)
 ParOldGen       total 57856K, used 8616K [0x0000000081200000, 0x0000000084a80000, 0x00000000d5b80000)
  object space 57856K, 14% used [0x0000000081200000,0x0000000081a6a058,0x0000000084a80000)
 Metaspace       used 29447K, capacity 29976K, committed 30208K, reserved 1075200K
  class space    used 3659K, capacity 3797K, committed 3840K, reserved 1048576K
Event: 6.656 GC heap after
Heap after GC invocations=6 (full 1):
 PSYoungGen      total 138240K, used 5104K [0x00000000d5b80000, 0x00000000e4c80000, 0x0000000100000000)
  eden space 133120K, 0% used [0x00000000d5b80000,0x00000000d5b80000,0x00000000ddd80000)
  from space 5120K, 99% used [0x00000000ddd80000,0x00000000de27c040,0x00000000de280000)
  to   space 14848K, 0% used [0x00000000e3e00000,0x00000000e3e00000,0x00000000e4c80000)
 ParOldGen       total 57856K, used 18721K [0x0000000081200000, 0x0000000084a80000, 0x00000000d5b80000)
  object space 57856K, 32% used [0x0000000081200000,0x00000000824484d0,0x0000000084a80000)
 Metaspace       used 29447K, capacity 29976K, committed 30208K, reserved 1075200K
  class space    used 3659K, capacity 3797K, committed 3840K, reserved 1048576K
}
Event: 8.366 GC heap before
{Heap before GC invocations=7 (full 1):
 PSYoungGen      total 138240K, used 138224K [0x00000000d5b80000, 0x00000000e4c80000, 0x0000000100000000)
  eden space 133120K, 100% used [0x00000000d5b80000,0x00000000ddd80000,0x00000000ddd80000)
  from space 5120K, 99% used [0x00000000ddd80000,0x00000000de27c040,0x00000000de280000)
  to   space 14848K, 0% used [0x00000000e3e00000,0x00000000e3e00000,0x00000000e4c80000)
 ParOldGen       total 57856K, used 18721K [0x0000000081200000, 0x0000000084a80000, 0x00000000d5b80000)
  object space 57856K, 32% used [0x0000000081200000,0x00000000824484d0,0x0000000084a80000)
 Metaspace       used 34312K, capacity 34924K, committed 35200K, reserved 1079296K
  class space    used 4227K, capacity 4387K, committed 4480K, reserved 1048576K
Event: 8.398 GC heap after
Heap after GC invocations=7 (full 1):
 PSYoungGen      total 224768K, used 11864K [0x00000000d5b80000, 0x00000000e4a00000, 0x0000000100000000)
  eden space 212480K, 0% used [0x00000000d5b80000,0x00000000d5b80000,0x00000000e2b00000)
  from space 12288K, 96% used [0x00000000e3e00000,0x00000000e49960f0,0x00000000e4a00000)
  to   space 15360K, 0% used [0x00000000e2c00000,0x00000000e2c00000,0x00000000e3b00000)
 ParOldGen       total 57856K, used 18793K [0x0000000081200000, 0x0000000084a80000, 0x00000000d5b80000)
  object space 57856K, 32% used [0x0000000081200000,0x000000008245a4e0,0x0000000084a80000)
 Metaspace       used 34312K, capacity 34924K, committed 35200K, reserved 1079296K
  class space    used 4227K, capacity 4387K, committed 4480K, reserved 1048576K
}
Event: 8.642 GC heap before
{Heap before GC invocations=8 (full 1):
 PSYoungGen      total 224768K, used 36789K [0x00000000d5b80000, 0x00000000e4a00000, 0x0000000100000000)
  eden space 212480K, 11% used [0x00000000d5b80000,0x00000000d73d73f8,0x00000000e2b00000)
  from space 12288K, 96% used [0x00000000e3e00000,0x00000000e49960f0,0x00000000e4a00000)
  to   space 15360K, 0% used [0x00000000e2c00000,0x00000000e2c00000,0x00000000e3b00000)
 ParOldGen       total 57856K, used 18793K [0x0000000081200000, 0x0000000084a80000, 0x00000000d5b80000)
  object space 57856K, 32% used [0x0000000081200000,0x000000008245a4e0,0x0000000084a80000)
 Metaspace       used 34770K, capacity 35314K, committed 35416K, reserved 1081344K
  class space    used 4290K, capacity 4452K, committed 4480K, reserved 1048576K
Event: 8.667 GC heap after
Heap after GC invocations=8 (full 1):
 PSYoungGen      total 228864K, used 10946K [0x00000000d5b80000, 0x00000000ed700000, 0x0000000100000000)
  eden space 213504K, 0% used [0x00000000d5b80000,0x00000000d5b80000,0x00000000e2c00000)
  from space 15360K, 71% used [0x00000000e2c00000,0x00000000e36b0a78,0x00000000e3b00000)
  to   space 15360K, 0% used [0x00000000ec800000,0x00000000ec800000,0x00000000ed700000)
 ParOldGen       total 57856K, used 18801K [0x0000000081200000, 0x0000000084a80000, 0x00000000d5b80000)
  object space 57856K, 32% used [0x0000000081200000,0x000000008245c4e0,0x0000000084a80000)
 Metaspace       used 34770K, capacity 35314K, committed 35416K, reserved 1081344K
  class space    used 4290K, capacity 4452K, committed 4480K, reserved 1048576K
}
Event: 8.667 GC heap before
{Heap before GC invocations=9 (full 2):
 PSYoungGen      total 228864K, used 10946K [0x00000000d5b80000, 0x00000000ed700000, 0x0000000100000000)
  eden space 213504K, 0% used [0x00000000d5b80000,0x00000000d5b80000,0x00000000e2c00000)
  from space 15360K, 71% used [0x00000000e2c00000,0x00000000e36b0a78,0x00000000e3b00000)
  to   space 15360K, 0% used [0x00000000ec800000,0x00000000ec800000,0x00000000ed700000)
 ParOldGen       total 57856K, used 18801K [0x0000000081200000, 0x0000000084a80000, 0x00000000d5b80000)
  object space 57856K, 32% used [0x0000000081200000,0x000000008245c4e0,0x0000000084a80000)
 Metaspace       used 34770K, capacity 35314K, committed 35416K, reserved 1081344K
  class space    used 4290K, capacity 4452K, committed 4480K, reserved 1048576K
Event: 8.872 GC heap after
Heap after GC invocations=9 (full 2):
 PSYoungGen      total 228864K, used 0K [0x00000000d5b80000, 0x00000000ed700000, 0x0000000100000000)
  eden space 213504K, 0% used [0x00000000d5b80000,0x00000000d5b80000,0x00000000e2c00000)
  from space 15360K, 0% used [0x00000000e2c00000,0x00000000e2c00000,0x00000000e3b00000)
  to   space 15360K, 0% used [0x00000000ec800000,0x00000000ec800000,0x00000000ed700000)
 ParOldGen       total 93184K, used 21045K [0x0000000081200000, 0x0000000086d00000, 0x00000000d5b80000)
  object space 93184K, 22% used [0x0000000081200000,0x000000008268d7b8,0x0000000086d00000)
 Metaspace       used 34770K, capacity 35314K, committed 35416K, reserved 1081344K
  class space    used 4290K, capacity 4452K, committed 4480K, reserved 1048576K
}
Event: 26.891 GC heap before
{Heap before GC invocations=10 (full 2):
 PSYoungGen      total 228864K, used 213504K [0x00000000d5b80000, 0x00000000ed700000, 0x0000000100000000)
  eden space 213504K, 100% used [0x00000000d5b80000,0x00000000e2c00000,0x00000000e2c00000)
  from space 15360K, 0% used [0x00000000e2c00000,0x00000000e2c00000,0x00000000e3b00000)
  to   space 15360K, 0% used [0x00000000ec800000,0x00000000ec800000,0x00000000ed700000)
 ParOldGen       total 93184K, used 21045K [0x0000000081200000, 0x0000000086d00000, 0x00000000d5b80000)
  object space 93184K, 22% used [0x0000000081200000,0x000000008268d7b8,0x0000000086d00000)
 Metaspace       used 47348K, capacity 47968K, committed 48216K, reserved 1091584K
  class space    used 5544K, capacity 5727K, committed 5760K, reserved 1048576K
Event: 26.914 GC heap after
Heap after GC invocations=10 (full 2):
 PSYoungGen      total 342528K, used 15334K [0x00000000d5b80000, 0x00000000ed700000, 0x0000000100000000)
  eden space 327168K, 0% used [0x00000000d5b80000,0x00000000d5b80000,0x00000000e9b00000)
  from space 15360K, 99% used [0x00000000ec800000,0x00000000ed6f9a60,0x00000000ed700000)
  to   space 17920K, 0% used [0x00000000eb400000,0x00000000eb400000,0x00000000ec580000)
 ParOldGen       total 93184K, used 22083K [0x0000000081200000, 0x0000000086d00000, 0x00000000d5b80000)
  object space 93184K, 23% used [0x0000000081200000,0x0000000082790e40,0x0000000086d00000)
 Metaspace       used 47348K, capacity 47968K, committed 48216K, reserved 1091584K
  class space    used 5544K, capacity 5727K, committed 5760K, reserved 1048576K
}

Deoptimization events (10 events):
Event: 45.430 Thread 0x000000005b64e800 Uncommon trap: reason=class_check action=maybe_recompile pc=0x00000000039b9040 method=org.apache.ibatis.reflection.MetaObject.setValue(Ljava/lang/String;Ljava/lang/Object;)V @ 82
Event: 45.435 Thread 0x000000005b64e800 Uncommon trap: reason=unstable_if action=reinterpret pc=0x00000000039a96c8 method=com.mysql.jdbc.ResultSetImpl.findColumn(Ljava/lang/String;)I @ 16
Event: 45.439 Thread 0x000000005b64e800 Uncommon trap: reason=unstable_if action=reinterpret pc=0x00000000039d868c method=com.fasterxml.jackson.core.json.JsonWriteContext.writeValue()I @ 39
Event: 45.439 Thread 0x000000005b64e800 Uncommon trap: reason=unstable_if action=reinterpret pc=0x00000000039ff4e0 method=com.fasterxml.jackson.core.io.SerializedString.appendQuotedUTF8([BI)I @ 6
Event: 45.439 Thread 0x000000005b64e800 Uncommon trap: reason=unstable_if action=reinterpret pc=0x00000000039fb24c method=com.fasterxml.jackson.core.io.SerializedString.appendQuotedUTF8([BI)I @ 6
Event: 45.439 Thread 0x000000005b64e800 Uncommon trap: reason=unstable_if action=reinterpret pc=0x00000000039d70f8 method=com.fasterxml.jackson.core.io.SerializedString.appendQuotedUTF8([BI)I @ 6
Event: 45.462 Thread 0x000000005b64d800 Uncommon trap: reason=class_check action=maybe_recompile pc=0x0000000002d094c8 method=java.util.regex.Matcher.search(I)Z @ 86
Event: 50.731 Thread 0x000000005964e000 Uncommon trap: reason=unstable_if action=reinterpret pc=0x0000000002a62bec method=org.springframework.util.AntPathMatcher.skipSegment(Ljava/lang/String;ILjava/lang/String;)I @ 47
Event: 62.777 Thread 0x000000005954f800 Uncommon trap: reason=class_check action=maybe_recompile pc=0x0000000003b4c01c method=java.lang.reflect.Array.newInstance(Ljava/lang/Class;I)Ljava/lang/Object; @ 2
Event: 62.777 Thread 0x000000005954f800 Uncommon trap: reason=bimorphic action=maybe_recompile pc=0x0000000003258420 method=java.util.Hashtable.get(Ljava/lang/Object;)Ljava/lang/Object; @ 45

Internal exceptions (10 events):
Event: 18.748 Thread 0x000000005964b800 Exception <a 'java/lang/ClassNotFoundException': org/springframework/web/servlet/support/SessionFlashMapManagerCustomizer> (0x00000000de4291a8) thrown at [C:\re\workspace\8-2-build-windows-amd64-cygwin\jdk8u121\8372\hotspot\src\share\vm\classfile\systemDi
Event: 18.749 Thread 0x000000005964b800 Exception <a 'java/lang/ClassNotFoundException': org/springframework/web/servlet/FlashMapManagerCustomizer> (0x00000000de440bd0) thrown at [C:\re\workspace\8-2-build-windows-amd64-cygwin\jdk8u121\8372\hotspot\src\share\vm\classfile\systemDictionary.cpp, l
Event: 19.520 Thread 0x000000005964b800 Exception <a 'java/lang/ArrayIndexOutOfBoundsException': 8927> (0x00000000e02d5818) thrown at [C:\re\workspace\8-2-build-windows-amd64-cygwin\jdk8u121\8372\hotspot\src\share\vm\interpreter\interpreterRuntime.cpp, line 366]
Event: 24.898 Thread 0x000000005b64d800 Exception <a 'java/lang/ArrayIndexOutOfBoundsException'> (0x00000000e21aa470) thrown at [C:\re\workspace\8-2-build-windows-amd64-cygwin\jdk8u121\8372\hotspot\src\share\vm\runtime\sharedRuntime.cpp, line 605]
Event: 28.746 Thread 0x000000005964b800 Exception <a 'java/lang/ArrayIndexOutOfBoundsException'> (0x00000000d62cb680) thrown at [C:\re\workspace\8-2-build-windows-amd64-cygwin\jdk8u121\8372\hotspot\src\share\vm\runtime\sharedRuntime.cpp, line 605]
Event: 45.406 Thread 0x000000005b64e800 Exception <a 'java/lang/ClassNotFoundException': java/util/MapBeanInfo> (0x00000000d6a52518) thrown at [C:\re\workspace\8-2-build-windows-amd64-cygwin\jdk8u121\8372\hotspot\src\share\vm\classfile\systemDictionary.cpp, line 210]
Event: 45.407 Thread 0x000000005b64e800 Exception <a 'java/lang/ClassNotFoundException': java/util/MapCustomizer> (0x00000000d6a5ba78) thrown at [C:\re\workspace\8-2-build-windows-amd64-cygwin\jdk8u121\8372\hotspot\src\share\vm\classfile\systemDictionary.cpp, line 210]
Event: 45.439 Thread 0x000000005b64e800 Implicit null exception at 0x00000000039fe89c to 0x00000000039ff4a1
Event: 45.439 Thread 0x000000005b64e800 Implicit null exception at 0x00000000039faf42 to 0x00000000039fb22d
Event: 45.439 Thread 0x000000005b64e800 Implicit null exception at 0x00000000039d7046 to 0x00000000039d70d9

Events (10 events):
Event: 50.906 Thread 0x000000005964e000 DEOPT PACKING pc=0x0000000002a7019d sp=0x000000005ff9bcf0
Event: 50.906 Thread 0x000000005964e000 DEOPT UNPACKING pc=0x00000000027f787f sp=0x000000005ff9b9f0 mode 0
Event: 55.803 Executing VM operation: BulkRevokeBias
Event: 55.803 Executing VM operation: BulkRevokeBias done
Event: 62.777 Thread 0x000000005954f800 Uncommon trap: trap_request=0xffffffde fr.pc=0x0000000003b4c01c
Event: 62.777 Thread 0x000000005954f800 DEOPT PACKING pc=0x0000000003b4c01c sp=0x000000005a3dcf80
Event: 62.777 Thread 0x000000005954f800 DEOPT UNPACKING pc=0x00000000027f582a sp=0x000000005a3dcf20 mode 2
Event: 62.777 Thread 0x000000005954f800 Uncommon trap: trap_request=0xffffffc6 fr.pc=0x0000000003258420
Event: 62.777 Thread 0x000000005954f800 DEOPT PACKING pc=0x0000000003258420 sp=0x000000005a3dd450
Event: 62.777 Thread 0x000000005954f800 DEOPT UNPACKING pc=0x00000000027f582a sp=0x000000005a3dd3f0 mode 2


Dynamic libraries:
0x000000013fe10000 - 0x000000013fe47000 	E:\java\jdk1\bin\javaw.exe
0x0000000076fe0000 - 0x000000007718a000 	C:\Windows\SYSTEM32\ntdll.dll
0x0000000076dc0000 - 0x0000000076edf000 	C:\Windows\system32\kernel32.dll
0x000007fefcd10000 - 0x000007fefcd7a000 	C:\Windows\system32\KERNELBASE.dll
0x000007feff1e0000 - 0x000007feff2bb000 	C:\Windows\system32\ADVAPI32.dll
0x000007fefd2f0000 - 0x000007fefd38f000 	C:\Windows\system32\msvcrt.dll
0x000007fefde50000 - 0x000007fefde6f000 	C:\Windows\SYSTEM32\sechost.dll
0x000007fefd9c0000 - 0x000007fefdaed000 	C:\Windows\system32\RPCRT4.dll
0x0000000076ee0000 - 0x0000000076fda000 	C:\Windows\system32\USER32.dll
0x000007fefeee0000 - 0x000007fefef47000 	C:\Windows\system32\GDI32.dll
0x000007fefdf40000 - 0x000007fefdf4e000 	C:\Windows\system32\LPK.dll
0x000007fefde70000 - 0x000007fefdf3b000 	C:\Windows\system32\USP10.dll
0x000007fef9df0000 - 0x000007fef9fe4000 	C:\Windows\WinSxS\amd64_microsoft.windows.common-controls_6595b64144ccf1df_6.0.7601.18837_none_fa3b1e3d17594757\COMCTL32.dll
0x000007fefd430000 - 0x000007fefd4a1000 	C:\Windows\system32\SHLWAPI.dll
0x000007feff2c0000 - 0x000007feff2ee000 	C:\Windows\system32\IMM32.DLL
0x000007fefedd0000 - 0x000007fefeed9000 	C:\Windows\system32\MSCTF.dll
0x00000000700c0000 - 0x0000000070192000 	E:\java\jdk1\bin\msvcr100.dll
0x000000006e250000 - 0x000000006eaeb000 	E:\java\jdk1\bin\server\jvm.dll
0x000007fefcb50000 - 0x000007fefcb59000 	C:\Windows\system32\WSOCK32.dll
0x000007fefdf50000 - 0x000007fefdf9d000 	C:\Windows\system32\WS2_32.dll
0x000007fefde40000 - 0x000007fefde48000 	C:\Windows\system32\NSI.dll
0x000007fef8cd0000 - 0x000007fef8d0b000 	C:\Windows\system32\WINMM.dll
0x000007fefcb00000 - 0x000007fefcb0c000 	C:\Windows\system32\VERSION.dll
0x00000000771b0000 - 0x00000000771b7000 	C:\Windows\system32\PSAPI.DLL
0x0000000072870000 - 0x000000007287f000 	E:\java\jdk1\bin\verify.dll
0x0000000072800000 - 0x0000000072829000 	E:\java\jdk1\bin\java.dll
0x00000000727e0000 - 0x00000000727f6000 	E:\java\jdk1\bin\zip.dll
0x000007fefe040000 - 0x000007fefedca000 	C:\Windows\system32\SHELL32.dll
0x000007fefd0f0000 - 0x000007fefd2ec000 	C:\Windows\system32\ole32.dll
0x000007fefccd0000 - 0x000007fefccdf000 	C:\Windows\system32\profapi.dll
0x000000006ef40000 - 0x000000006ef4d000 	E:\java\jdk1\bin\management.dll
0x00000000727c0000 - 0x00000000727da000 	E:\java\jdk1\bin\net.dll
0x000007fefc310000 - 0x000007fefc365000 	C:\Windows\system32\mswsock.dll
0x000007fefc5e0000 - 0x000007fefc5e7000 	C:\Windows\System32\wship6.dll
0x00000000727a0000 - 0x00000000727b1000 	E:\java\jdk1\bin\nio.dll
0x000007fefb250000 - 0x000007fefb265000 	C:\Windows\system32\NLAapi.dll
0x000007fef9960000 - 0x000007fef9975000 	C:\Windows\system32\napinsp.dll
0x000007fef9940000 - 0x000007fef9959000 	C:\Windows\system32\pnrpnsp.dll
0x000007fefc0f0000 - 0x000007fefc14b000 	C:\Windows\system32\DNSAPI.dll
0x000007fef9930000 - 0x000007fef993b000 	C:\Windows\System32\winrnr.dll
0x000007fefc370000 - 0x000007fefc377000 	C:\Windows\System32\wshtcpip.dll
0x000007fefb940000 - 0x000007fefb967000 	C:\Windows\system32\IPHLPAPI.DLL
0x000007fefb930000 - 0x000007fefb93b000 	C:\Windows\system32\WINNSI.DLL
0x000007fef8d60000 - 0x000007fef8d68000 	C:\Windows\system32\rasadhlp.dll
0x000007fefaee0000 - 0x000007fefaf33000 	C:\Windows\System32\fwpuclnt.dll
0x000007fefc3b0000 - 0x000007fefc3c8000 	C:\Windows\system32\CRYPTSP.dll
0x000007fefc0a0000 - 0x000007fefc0e7000 	C:\Windows\system32\rsaenh.dll
0x000007fefccf0000 - 0x000007fefcd0e000 	C:\Windows\system32\USERENV.dll
0x000007fefcaf0000 - 0x000007fefcaff000 	C:\Windows\system32\CRYPTBASE.dll
0x000007fefae40000 - 0x000007fefae58000 	C:\Windows\system32\dhcpcsvc.DLL
0x000007fefaeb0000 - 0x000007fefaec1000 	C:\Windows\system32\dhcpcsvc6.DLL
0x0000000072770000 - 0x0000000072794000 	E:\java\jdk1\bin\sunec.dll
0x000007fefb9f0000 - 0x000007fefbb15000 	C:\Windows\system32\dbghelp.dll

VM Arguments:
jvm_args: -Dcom.sun.management.jmxremote -Dcom.sun.management.jmxremote.port=51510 -Dcom.sun.management.jmxremote.authenticate=false -Dcom.sun.management.jmxremote.ssl=false -Dspring.liveBeansView.mbeanDomain -Dspring.application.admin.enabled=true -Dfile.encoding=UTF-8 
java_command: com.stu.ShoppingManagement.ShoppingManagementApplication --spring.output.ansi.enabled=always
java_class_path (initial): D:\spring-tool-suite\respository\Shopping-Management\target\classes;F:\repository\org\springframework\boot\spring-boot-starter\1.5.4.RELEASE\spring-boot-starter-1.5.4.RELEASE.jar;F:\repository\org\springframework\boot\spring-boot\1.5.4.RELEASE\spring-boot-1.5.4.RELEASE.jar;F:\repository\org\springframework\spring-context\4.3.9.RELEASE\spring-context-4.3.9.RELEASE.jar;F:\repository\org\springframework\boot\spring-boot-autoconfigure\1.5.4.RELEASE\spring-boot-autoconfigure-1.5.4.RELEASE.jar;F:\repository\org\springframework\boot\spring-boot-starter-logging\1.5.4.RELEASE\spring-boot-starter-logging-1.5.4.RELEASE.jar;F:\repository\ch\qos\logback\logback-classic\1.1.11\logback-classic-1.1.11.jar;F:\repository\ch\qos\logback\logback-core\1.1.11\logback-core-1.1.11.jar;F:\repository\org\slf4j\jul-to-slf4j\1.7.25\jul-to-slf4j-1.7.25.jar;F:\repository\org\slf4j\log4j-over-slf4j\1.7.25\log4j-over-slf4j-1.7.25.jar;F:\repository\org\springframework\spring-core\4.3.9.RELEASE\spring-core-4.3.9.RELEASE.jar;F:\repository\org\yaml\snakeyaml\1.17\snakeyaml-1.17.jar;F:\repository\org\springframework\boot\spring-boot-devtools\1.5.4.RELEASE\spring-boot-devtools-1.5.4.RELEASE.jar;F:\repository\joda-time\joda-time\2.9.9\joda-time-2.9.9.jar;F:\repository\com\fasterxml\jackson\core\jackson-databind\2.8.8\jackson-databind-2.8.8.jar;F:\repository\com\fasterxml\jackson\core\jackson-annotations\2.8.0\jackson-annotations-2.8.0.jar;F:\repository\com\fasterxml\jackson\core\jackson-core\2.8.8\jackson-core-2.8.8.jar;F:\repository\org\apache\httpcomponents\httpclient\4.5.3\httpclient-4.5.3.jar;F:\repository\org\apache\httpcomponents\httpcore\4.4.6\httpcore-4.4.6.jar;F:\repository\commons-codec\commons-codec\1.10\commons-codec-1.10.jar;F:\repository\org\slf4j\slf4j-log4j12\1.7.25\slf4j-log4j12-1.7.25.jar;F:\repository\org\slf4j\slf4j-api\1.7.25\slf4j-api-1.7.25.jar;F:\repository\log4j\log4j\1.2.17\log4j-1.2.17.jar;F:\repository\org\github\miemidev\mybatis-paginator\1.2.2\my
Launcher Type: SUN_STANDARD

Environment Variables:
JAVA_HOME=E:\java\jdk
CLASSPATH=.;E:\java\jdk\jre\lib\rt.jar;E:\java\jdk\lib
PATH=E:\app\Administrator\product\11.2.0\dbhome_1\bin;C:\ProgramData\Oracle\Java\javapath;E:\java\jdk\bin;C:\Windows\system32;C:\Windows;C:\Windows\system32\wbem;F:\MySQL\mysql-5.6.30-winx64\bin;D:\Myeclipse\maven\apache-maven-3.3.9\bin;D:\Myeclipse\git\Git\cmd;D:\Myeclipse\gradle\gradle\bin;H:\spring¿ò¼Ü°ü\spring-2.0.0.BUILD-SNAPSHOT\bin;D:\nodejs\Folder\;C:\Users\Administrator\AppData\Local\Programs\Python\Python36\Scripts\;C:\Users\Administrator\AppData\Local\Programs\Python\Python36\;C:\Users\Administrator\AppData\Roaming\npm
USERNAME=Administrator
OS=Windows_NT
PROCESSOR_IDENTIFIER=Intel64 Family 6 Model 61 Stepping 4, GenuineIntel



---------------  S Y S T E M  ---------------

OS: Windows 7 , 64 bit Build 7601 (6.1.7601.23915)

CPU:total 2 (2 cores per cpu, 2 threads per core) family 6 model 61 stepping 4, cmov, cx8, fxsr, mmx, sse, sse2, sse3, ssse3, sse4.1, sse4.2, popcnt, avx, avx2, aes, clmul, erms, 3dnowpref, lzcnt, ht, tsc, tscinvbit, bmi1, bmi2, adx

Memory: 4k page, physical 8306868k(3735792k free), swap 16611876k(11316872k free)

vm_info: Java HotSpot(TM) 64-Bit Server VM (25.121-b13) for windows-amd64 JRE (1.8.0_121-b13), built on Dec 12 2016 18:21:36 by "java_re" with MS VC++ 10.0 (VS2010)

time: Wed Feb 21 12:28:08 2018
elapsed time: 64 seconds (0d 0h 1m 4s)

